<?xml version="1.0" encoding="UTF-8"?>
<testsuite name="WallServiceTest" tests="5" skipped="0" failures="0" errors="0" timestamp="2022-07-02T19:51:58" hostname="DESKTOP-NPNJGBU" time="0.151">
  <properties/>
  <testcase name="createComment_notContainedPost" classname="WallServiceTest" time="0.02"/>
  <testcase name="add" classname="WallServiceTest" time="0.13"/>
  <testcase name="update_notContainedPost" classname="WallServiceTest" time="0.001"/>
  <testcase name="createComment_containedPost" classname="WallServiceTest" time="0.0"/>
  <testcase name="update_containedPost" classname="WallServiceTest" time="0.0"/>
  <system-out><![CDATA[]]></system-out>
  <system-err><![CDATA[]]></system-err>
</testsuite>
